Arguments: 
  D:\NodeJs\node.exe C:\Program Files (x86)\Yarn\bin\yarn.js remove sass

PATH: 
  C:\Program Files\Common Files\Oracle\Java\javapath;C:\Windows\system32;C:\Windows;C:\Windows\System32\Wbem;C:\Windows\System32\WindowsPowerShell\v1.0\;C:\Windows\System32\OpenSSH\;C:\Program Files\NVIDIA Corporation\NVIDIA NvDLISR;C:\Program Files (x86)\NVIDIA Corporation\PhysX\Common;D:\NodeJs\;C:\ProgramData\chocolatey\bin;C:\Program Files (x86)\Yarn\bin\;C:\Program Files\dotnet\;D:\Git\Git\cmd;C:\Users\kpz20\AppData\Local\Programs\Python\Python39\Scripts\;C:\Users\kpz20\AppData\Local\Programs\Python\Python39\;C:\Users\kpz20\AppData\Local\Microsoft\WindowsApps;D:\Visual Studio\Microsoft VS Code\bin;C:\Users\kpz20\AppData\Roaming\npm;C:\Users\kpz20\AppData\Local\Yarn\bin

Yarn version: 
  1.22.15

Node version: 
  16.4.2

Platform: 
  win32 x64

Trace: 
  SyntaxError: E:\Kpz\CurrentProject\package.json: Unexpected token < in JSON at position 54
      at JSON.parse (<anonymous>)
      at C:\Program Files (x86)\Yarn\lib\cli.js:1625:59
      at Generator.next (<anonymous>)
      at step (C:\Program Files (x86)\Yarn\lib\cli.js:310:30)
      at C:\Program Files (x86)\Yarn\lib\cli.js:321:13

npm manifest: 
  {
    "name": "animoconsultoria",
    "version": "1.0.0",
  <<<<<<< HEAD
    "main": "index.html",
    "engines": {
      "node": "12.11.1"
    },
    "scripts": {
      "start": "node index.html",
      "dev": "sass --watch src/sass/globals.scss:css/style.css",
      "build": "sass src/sass/globals.scss:css/style.css -s compressed"
    },
    "devDependencies": {
      "sass": "^1.49.0"
    },
    "dependencies": {
      "serve": "^13.0.2"
    }
  =======
    "main": "index.js",
    "license": "MIT",
    "scripts": {
      "dev": "sass --watch src/sass/globals.scss:src/styles/style.css",
      "build": "sass src/sass/globals.scss:src/styles/style.min.css -s compressed",
      "dev-pages": "sass --watch src/sass/pages.scss:src/styles/pages.css",
      "build-pages": "sass src/sass/pages.scss:src/styles/pages.min.css -s compressed"
    },
    "devDependencies": {}
  >>>>>>> dev
  }

yarn manifest: 
  No manifest

Lockfile: 
  # THIS IS AN AUTOGENERATED FILE. DO NOT EDIT THIS FILE DIRECTLY.
  # yarn lockfile v1
